2025-05-03 04:30:15,216 WARNING: 映射表中重复的台站代码 HB.YNX，将使用最后出现的映射值
2025-05-03 04:30:15,217 WARNING: 映射表中重复的台站代码 SX.DOS，将使用最后出现的映射值
2025-05-03 04:30:15,219 WARNING: 映射表中重复的台站代码 LN.GAX，将使用最后出现的映射值
2025-05-03 04:30:15,220 WARNING: 映射表中重复的台站代码 SH.TPS，将使用最后出现的映射值
2025-05-03 04:30:15,221 WARNING: 映射表中重复的台站代码 AH.HBE，将使用最后出现的映射值
2025-05-03 04:30:15,222 WARNING: 映射表中重复的台站代码 SD.TIA，将使用最后出现的映射值
2025-05-03 04:30:15,222 WARNING: 映射表中重复的台站代码 HN.CNS，将使用最后出现的映射值
2025-05-03 04:30:15,223 WARNING: 映射表中重复的台站代码 HN.CNS，将使用最后出现的映射值
2025-05-03 04:30:15,223 WARNING: 映射表中重复的台站代码 GD.XNH，将使用最后出现的映射值
2025-05-03 04:30:15,224 WARNING: 映射表中重复的台站代码 GD.HUD，将使用最后出现的映射值
2025-05-03 04:30:15,225 WARNING: 映射表中重复的台站代码 HI.BSH，将使用最后出现的映射值
2025-05-03 04:30:15,226 WARNING: 映射表中重复的台站代码 HI.WZS，将使用最后出现的映射值
2025-05-03 04:30:15,226 WARNING: 映射表中重复的台站代码 SC.JYA，将使用最后出现的映射值
2025-05-03 04:30:15,226 WARNING: 映射表中重复的台站代码 SC.HWS，将使用最后出现的映射值
2025-05-03 04:30:15,228 WARNING: 映射表中重复的台站代码 SN.XAN，将使用最后出现的映射值
2025-05-03 04:30:15,229 WARNING: 映射表中重复的台站代码 NX.LWU，将使用最后出现的映射值
2025-05-03 04:30:15,229 WARNING: 映射表中重复的台站代码 NX.LWU，将使用最后出现的映射值
2025-05-03 04:30:15,230 WARNING: 映射表中重复的台站代码 XJ.KSZ，将使用最后出现的映射值
2025-05-03 04:30:15,230 WARNING: 映射表中重复的台站代码 XJ.RGN，将使用最后出现的映射值
2025-05-03 04:30:15,231 WARNING: 映射表中重复的台站代码 XJ.ALS，将使用最后出现的映射值
2025-05-03 04:30:15,231 WARNING: 映射表中重复的台站代码 GD.ZHH，将使用最后出现的映射值
2025-05-03 04:30:22,504 WARNING: 未找到台站 BJ.CIQ 的 PSD 文件 BJ_CIQ_BHZ_2020.txt，跳过该站点
2025-05-03 04:30:22,504 WARNING: 未找到台站 TJ.ZTZ 的 PSD 文件 TJ_ZTZ_BHZ_2020.txt，跳过该站点
2025-05-03 04:30:22,504 WARNING: 未找到台站 HE.YUS 的 PSD 文件 HE_YUS_BHZ_2020.txt，跳过该站点
2025-05-03 04:30:22,504 WARNING: 未找到台站 HE.HNS 的 PSD 文件 HE_HNS_BHZ_2020.txt，跳过该站点
2025-05-03 04:30:22,504 WARNING: 未找到台站 HE.YIX 的 PSD 文件 HE_YIX_BHZ_2020.txt，跳过该站点
2025-05-03 04:30:22,504 WARNING: 未找到台站 HE.ZJK 的 PSD 文件 HE_ZJK_BHZ_2020.txt，跳过该站点
2025-05-03 04:30:22,504 WARNING: 未找到台站 HE.CHD 的 PSD 文件 HE_CHD_BHZ_2020.txt，跳过该站点
2025-05-03 04:30:22,504 WARNING: 未找到台站 BJ.FHY 的 PSD 文件 BJ_FHY_BHZ_2020.txt，跳过该站点
2025-05-03 04:30:22,504 WARNING: 未找到台站 SX.JIC 的 PSD 文件 SX_JIC_BHZ_2020.txt，跳过该站点
2025-05-03 04:30:22,504 WARNING: 未找到台站 SX.XIY 的 PSD 文件 SX_XIY_BHZ_2020.txt，跳过该站点
2025-05-03 04:30:22,504 WARNING: 未找到台站 SX.CHZ 的 PSD 文件 SX_CHZ_BHZ_2020.txt，跳过该站点
2025-05-03 04:30:22,504 WARNING: 未找到台站 SX.YUY 的 PSD 文件 SX_YUY_BHZ_2020.txt，跳过该站点
2025-05-03 04:30:22,505 WARNING: 未找到台站 SX.DOS 的 PSD 文件 SX_DOS_BHZ_2020.txt，跳过该站点
2025-05-03 04:30:22,505 WARNING: 未找到台站 SX.XAX 的 PSD 文件 SX_XAX_BHZ_2020.txt，跳过该站点
2025-05-03 04:30:22,505 WARNING: 未找到台站 SX.LIF 的 PSD 文件 SX_LIF_BHZ_2020.txt，跳过该站点
2025-05-03 04:30:22,505 WARNING: 未找到台站 SX.LIS 的 PSD 文件 SX_LIS_BHZ_2020.txt，跳过该站点
2025-05-03 04:30:22,505 WARNING: 未找到台站 NM.HLG 的 PSD 文件 NM_HLG_BHZ_2020.txt，跳过该站点
2025-05-03 04:30:22,505 WARNING: 未找到台站 NM.BTO 的 PSD 文件 NM_BTO_BHZ_2020.txt，跳过该站点
2025-05-03 04:30:22,505 WARNING: 未找到台站 NM.WUH 的 PSD 文件 NM_WUH_BHZ_2020.txt，跳过该站点
2025-05-03 04:30:22,505 WARNING: 未找到台站 NM.CHF 的 PSD 文件 NM_CHF_BHZ_2020.txt，跳过该站点
2025-05-03 04:30:22,505 WARNING: 未找到台站 NM.HLR 的 PSD 文件 NM_HLR_BHZ_2020.txt，跳过该站点
2025-05-03 04:30:22,505 WARNING: 未找到台站 NM.JIN 的 PSD 文件 NM_JIN_BHZ_2020.txt，跳过该站点
2025-05-03 04:30:22,505 WARNING: 未找到台站 NM.WLT 的 PSD 文件 NM_WLT_BHZ_2020.txt，跳过该站点
2025-05-03 04:30:22,505 WARNING: 未找到台站 NM.XLT 的 PSD 文件 NM_XLT_BHZ_2020.txt，跳过该站点
2025-05-03 04:30:22,505 WARNING: 未找到台站 NM.BYT 的 PSD 文件 NM_BYT_BHZ_2020.txt，跳过该站点
2025-05-03 04:30:22,505 WARNING: 未找到台站 LN.SNY 的 PSD 文件 LN_SNY_BHZ_2020.txt，跳过该站点
2025-05-03 04:30:22,505 WARNING: 未找到台站 LN.DL2 的 PSD 文件 LN_DL2_BHZ_2020.txt，跳过该站点
2025-05-03 04:30:22,505 WARNING: 未找到台站 LN.ANS 的 PSD 文件 LN_ANS_BHZ_2020.txt，跳过该站点
2025-05-03 04:30:22,505 WARNING: 未找到台站 LN.LHT 的 PSD 文件 LN_LHT_BHZ_2020.txt，跳过该站点
2025-05-03 04:30:22,505 WARNING: 未找到台站 LN.BXI 的 PSD 文件 LN_BXI_BHZ_2020.txt，跳过该站点
2025-05-03 04:30:22,505 WARNING: 未找到台站 LN.DDO 的 PSD 文件 LN_DDO_BHZ_2020.txt，跳过该站点
2025-05-03 04:30:22,505 WARNING: 未找到台站 LN.JZH 的 PSD 文件 LN_JZH_BHZ_2020.txt，跳过该站点
2025-05-03 04:30:22,505 WARNING: 未找到台站 LN.GAX 的 PSD 文件 LN_GAX_BHZ_2020.txt，跳过该站点
2025-05-03 04:30:22,505 WARNING: 未找到台站 LN.FXI 的 PSD 文件 LN_FXI_BHZ_2020.txt，跳过该站点
2025-05-03 04:30:22,505 WARNING: 未找到台站 LN.LYN 的 PSD 文件 LN_LYN_BHZ_2020.txt，跳过该站点
2025-05-03 04:30:22,505 WARNING: 未找到台站 LN.TIL 的 PSD 文件 LN_TIL_BHZ_2020.txt，跳过该站点
2025-05-03 04:30:22,505 WARNING: 未找到台站 LN.CHY 的 PSD 文件 LN_CHY_BHZ_2020.txt，跳过该站点
2025-05-03 04:30:22,505 WARNING: 未找到台站 LN.SHS 的 PSD 文件 LN_SHS_BHZ_2020.txt，跳过该站点
2025-05-03 04:30:22,505 WARNING: 未找到台站 JL.CN2 的 PSD 文件 JL_CN2_BHZ_2020.txt，跳过该站点
2025-05-03 04:30:22,505 WARNING: 未找到台站 JL.FMT 的 PSD 文件 JL_FMT_BHZ_2020.txt，跳过该站点
2025-05-03 04:30:22,505 WARNING: 未找到台站 JL.SPT 的 PSD 文件 JL_SPT_BHZ_2020.txt，跳过该站点
2025-05-03 04:30:22,505 WARNING: 未找到台站 JL.LYT 的 PSD 文件 JL_LYT_BHZ_2020.txt，跳过该站点
2025-05-03 04:30:22,505 WARNING: 未找到台站 JL.THT 的 PSD 文件 JL_THT_BHZ_2020.txt，跳过该站点
2025-05-03 04:30:22,505 WARNING: 未找到台站 JL.YNB 的 PSD 文件 JL_YNB_BHZ_2020.txt，跳过该站点
2025-05-03 04:30:22,505 WARNING: 未找到台站 HL.HEG 的 PSD 文件 HL_HEG_BHZ_2020.txt，跳过该站点
2025-05-03 04:30:22,505 WARNING: 未找到台站 HL.SYS 的 PSD 文件 HL_SYS_BHZ_2020.txt，跳过该站点
2025-05-03 04:30:22,505 WARNING: 未找到台站 HL.JMS 的 PSD 文件 HL_JMS_BHZ_2020.txt，跳过该站点
2025-05-03 04:30:22,505 WARNING: 未找到台站 HL.QTH 的 PSD 文件 HL_QTH_BHZ_2020.txt，跳过该站点
2025-05-03 04:30:22,505 WARNING: 未找到台站 HL.MDJ 的 PSD 文件 HL_MDJ_BHZ_2020.txt，跳过该站点
2025-05-03 04:30:22,505 WARNING: 未找到台站 HL.HEH 的 PSD 文件 HL_HEH_BHZ_2020.txt，跳过该站点
2025-05-03 04:30:22,505 WARNING: 未找到台站 HL.JGD 的 PSD 文件 HL_JGD_BHZ_2020.txt，跳过该站点
2025-05-03 04:30:22,505 WARNING: 未找到台站 JS.LH 的 PSD 文件 JS_LH_BHZ_2020.txt，跳过该站点
2025-05-03 04:30:22,505 WARNING: 未找到台站 SH.TPS 的 PSD 文件 SH_TPS_BHZ_2020.txt，跳过该站点
2025-05-03 04:30:22,505 WARNING: 未找到台站 JS.NT 的 PSD 文件 JS_NT_BHZ_2020.txt，跳过该站点
2025-05-03 04:30:22,505 WARNING: 未找到台站 JS.LYG 的 PSD 文件 JS_LYG_BHZ_2020.txt，跳过该站点
2025-05-03 04:30:22,505 WARNING: 未找到台站 JS.HUA 的 PSD 文件 JS_HUA_BHZ_2020.txt，跳过该站点
2025-05-03 04:30:22,506 WARNING: 未找到台站 ZJ.HAZ 的 PSD 文件 ZJ_HAZ_BHZ_2020.txt，跳过该站点
2025-05-03 04:30:22,506 WARNING: 未找到台站 ZJ.NIB 的 PSD 文件 ZJ_NIB_BHZ_2020.txt，跳过该站点
2025-05-03 04:30:22,506 WARNING: 未找到台站 ZJ.WEZ 的 PSD 文件 ZJ_WEZ_BHZ_2020.txt，跳过该站点
2025-05-03 04:30:22,506 WARNING: 未找到台站 ZJ.JAX 的 PSD 文件 ZJ_JAX_BHZ_2020.txt，跳过该站点
2025-05-03 04:30:22,506 WARNING: 未找到台站 ZJ.HUZ 的 PSD 文件 ZJ_HUZ_BHZ_2020.txt，跳过该站点
2025-05-03 04:30:22,506 WARNING: 未找到台站 ZJ.WXJ 的 PSD 文件 ZJ_WXJ_BHZ_2020.txt，跳过该站点
2025-05-03 04:30:22,506 WARNING: 未找到台站 ZJ.ZHS 的 PSD 文件 ZJ_ZHS_BHZ_2020.txt，跳过该站点
2025-05-03 04:30:22,506 WARNING: 未找到台站 AH.HEF 的 PSD 文件 AH_HEF_BHZ_2020.txt，跳过该站点
2025-05-03 04:30:22,506 WARNING: 未找到台站 AH.BEB 的 PSD 文件 AH_BEB_BHZ_2020.txt，跳过该站点
2025-05-03 04:30:22,506 WARNING: 未找到台站 AH.HBE 的 PSD 文件 AH_HBE_BHZ_2020.txt，跳过该站点
2025-05-03 04:30:22,506 WARNING: 未找到台站 AH.TOL 的 PSD 文件 AH_TOL_BHZ_2020.txt，跳过该站点
2025-05-03 04:30:22,506 WARNING: 未找到台站 AH.ANQ 的 PSD 文件 AH_ANQ_BHZ_2020.txt，跳过该站点
2025-05-03 04:30:22,506 WARNING: 未找到台站 AH.HUS 的 PSD 文件 AH_HUS_BHZ_2020.txt，跳过该站点
2025-05-03 04:30:22,506 WARNING: 未找到台站 AH.CHZ 的 PSD 文件 AH_CHZ_BHZ_2020.txt，跳过该站点
2025-05-03 04:30:22,506 WARNING: 未找到台站 AH.LAN 的 PSD 文件 AH_LAN_BHZ_2020.txt，跳过该站点
2025-05-03 04:30:22,506 WARNING: 未找到台站 FJ.QZH 的 PSD 文件 FJ_QZH_BHZ_2020.txt，跳过该站点
2025-05-03 04:30:22,506 WARNING: 未找到台站 JX.NNC 的 PSD 文件 JX_NNC_BHZ_2020.txt，跳过该站点
2025-05-03 04:30:22,506 WARNING: 未找到台站 JX.JDZ 的 PSD 文件 JX_JDZ_BHZ_2020.txt，跳过该站点
2025-05-03 04:30:22,506 WARNING: 未找到台站 JX.JIJ 的 PSD 文件 JX_JIJ_BHZ_2020.txt，跳过该站点
2025-05-03 04:30:22,506 WARNING: 未找到台站 JX.GAZ 的 PSD 文件 JX_GAZ_BHZ_2020.txt，跳过该站点
2025-05-03 04:30:22,506 WARNING: 未找到台站 JX.JIA 的 PSD 文件 JX_JIA_BHZ_2020.txt，跳过该站点
2025-05-03 04:30:22,506 WARNING: 未找到台站 JX.YIC 的 PSD 文件 JX_YIC_BHZ_2020.txt，跳过该站点
2025-05-03 04:30:22,506 WARNING: 未找到台站 JX.JIX 的 PSD 文件 JX_JIX_BHZ_2020.txt，跳过该站点
2025-05-03 04:30:22,506 WARNING: 未找到台站 JX.SHR 的 PSD 文件 JX_SHR_BHZ_2020.txt，跳过该站点
2025-05-03 04:30:22,506 WARNING: 未找到台站 SD.TIA 的 PSD 文件 SD_TIA_BHZ_2020.txt，跳过该站点
2025-05-03 04:30:22,506 WARNING: 未找到台站 SD.QID 的 PSD 文件 SD_QID_BHZ_2020.txt，跳过该站点
2025-05-03 04:30:22,506 WARNING: 未找到台站 SD.YTA 的 PSD 文件 SD_YTA_BHZ_2020.txt，跳过该站点
2025-05-03 04:30:22,506 WARNING: 未找到台站 SD.ANQ 的 PSD 文件 SD_ANQ_BHZ_2020.txt，跳过该站点
2025-05-03 04:30:22,506 WARNING: 未找到台站 SD.DSD 的 PSD 文件 SD_DSD_BHZ_2020.txt，跳过该站点
2025-05-03 04:30:22,506 WARNING: 未找到台站 SD.RZH 的 PSD 文件 SD_RZH_BHZ_2020.txt，跳过该站点
2025-05-03 04:30:22,506 WARNING: 未找到台站 SD.TCH 的 PSD 文件 SD_TCH_BHZ_2020.txt，跳过该站点
2025-05-03 04:30:22,506 WARNING: 未找到台站 HA.KAF 的 PSD 文件 HA_KAF_BHZ_2020.txt，跳过该站点
2025-05-03 04:30:22,506 WARNING: 未找到台站 HA.LYN 的 PSD 文件 HA_LYN_BHZ_2020.txt，跳过该站点
2025-05-03 04:30:22,506 WARNING: 未找到台站 HA.PDS 的 PSD 文件 HA_PDS_BHZ_2020.txt，跳过该站点
2025-05-03 04:30:22,506 WARNING: 未找到台站 HA.XX 的 PSD 文件 HA_XX_BHZ_2020.txt，跳过该站点
2025-05-03 04:30:22,506 WARNING: 未找到台站 HA.HEB 的 PSD 文件 HA_HEB_BHZ_2020.txt，跳过该站点
2025-05-03 04:30:22,506 WARNING: 未找到台站 HA.JZ 的 PSD 文件 HA_JZ_BHZ_2020.txt，跳过该站点
2025-05-03 04:30:22,506 WARNING: 未找到台站 HA.DA 的 PSD 文件 HA_DA_BHZ_2020.txt，跳过该站点
2025-05-03 04:30:22,506 WARNING: 未找到台站 HA.XY 的 PSD 文件 HA_XY_BHZ_2020.txt，跳过该站点
2025-05-03 04:30:22,506 WARNING: 未找到台站 HA.SHS 的 PSD 文件 HA_SHS_BHZ_2020.txt，跳过该站点
2025-05-03 04:30:22,506 WARNING: 未找到台站 HA.JY 的 PSD 文件 HA_JY_BHZ_2020.txt，跳过该站点
2025-05-03 04:30:23,212 WARNING: 未找到台站 HN.CNS 的 PSD 文件 HN_CNS_BHZ_2020.txt，跳过该站点
2025-05-03 04:30:23,213 WARNING: 未找到台站 HN.HEY 的 PSD 文件 HN_HEY_BHZ_2020.txt，跳过该站点
2025-05-03 04:30:23,213 WARNING: 未找到台站 HN.SHY 的 PSD 文件 HN_SHY_BHZ_2020.txt，跳过该站点
2025-05-03 04:30:23,213 WARNING: 未找到台站 HN.MIL 的 PSD 文件 HN_MIL_BHZ_2020.txt，跳过该站点
2025-05-03 04:30:23,213 WARNING: 未找到台站 HN.TAY 的 PSD 文件 HN_TAY_BHZ_2020.txt，跳过该站点
2025-05-03 04:30:23,213 WARNING: 未找到台站 HN.ZJJ 的 PSD 文件 HN_ZJJ_BHZ_2020.txt，跳过该站点
2025-05-03 04:30:23,213 WARNING: 未找到台站 HN.YIY 的 PSD 文件 HN_YIY_BHZ_2020.txt，跳过该站点
2025-05-03 04:30:23,213 WARNING: 未找到台站 HN.YOZ 的 PSD 文件 HN_YOZ_BHZ_2020.txt，跳过该站点
2025-05-03 04:30:23,213 WARNING: 未找到台站 HN.HOJ 的 PSD 文件 HN_HOJ_BHZ_2020.txt，跳过该站点
2025-05-03 04:30:23,213 WARNING: 未找到台站 HN.JIS 的 PSD 文件 HN_JIS_BHZ_2020.txt，跳过该站点
2025-05-03 04:30:23,213 WARNING: 未找到台站 GD.HUD 的 PSD 文件 GD_HUD_BHZ_2020.txt，跳过该站点
2025-05-03 04:30:23,213 WARNING: 未找到台站 GD.SHG 的 PSD 文件 GD_SHG_BHZ_2020.txt，跳过该站点
2025-05-03 04:30:23,213 WARNING: 未找到台站 GD.SZN 的 PSD 文件 GD_SZN_BHZ_2020.txt，跳过该站点
2025-05-03 04:30:23,213 WARNING: 未找到台站 GD.ZHH 的 PSD 文件 GD_ZHH_BHZ_2020.txt，跳过该站点
2025-05-03 04:30:23,213 WARNING: 未找到台站 GD.SHT 的 PSD 文件 GD_SHT_BHZ_2020.txt，跳过该站点
2025-05-03 04:30:23,213 WARNING: 未找到台站 GD.XNH 的 PSD 文件 GD_XNH_BHZ_2020.txt，跳过该站点
2025-05-03 04:30:23,213 WARNING: 未找到台站 GD.ZHJ 的 PSD 文件 GD_ZHJ_BHZ_2020.txt，跳过该站点
2025-05-03 04:30:23,213 WARNING: 未找到台站 GD.SHD 的 PSD 文件 GD_SHD_BHZ_2020.txt，跳过该站点
2025-05-03 04:30:23,213 WARNING: 未找到台站 GD.ZHQ 的 PSD 文件 GD_ZHQ_BHZ_2020.txt，跳过该站点
2025-05-03 04:30:23,213 WARNING: 未找到台站 GD.HUZ 的 PSD 文件 GD_HUZ_BHZ_2020.txt，跳过该站点
2025-05-03 04:30:23,213 WARNING: 未找到台站 GD.MEZ 的 PSD 文件 GD_MEZ_BHZ_2020.txt，跳过该站点
2025-05-03 04:30:23,213 WARNING: 未找到台站 GD.SHW 的 PSD 文件 GD_SHW_BHZ_2020.txt，跳过该站点
2025-05-03 04:30:23,213 WARNING: 未找到台站 GD.XFJ 的 PSD 文件 GD_XFJ_BHZ_2020.txt，跳过该站点
2025-05-03 04:30:23,213 WARNING: 未找到台站 GD.YGJ 的 PSD 文件 GD_YGJ_BHZ_2020.txt，跳过该站点
2025-05-03 04:30:23,213 WARNING: 未找到台站 GD.DOG 的 PSD 文件 GD_DOG_BHZ_2020.txt，跳过该站点
2025-05-03 04:30:23,213 WARNING: 未找到台站 GD.ZHS 的 PSD 文件 GD_ZHS_BHZ_2020.txt，跳过该站点
2025-05-03 04:30:23,213 WARNING: 未找到台站 GD.CHZ 的 PSD 文件 GD_CHZ_BHZ_2020.txt，跳过该站点
2025-05-03 04:30:23,213 WARNING: 未找到台站 GD.FES 的 PSD 文件 GD_FES_BHZ_2020.txt，跳过该站点
2025-05-03 04:30:23,213 WARNING: 未找到台站 GD.YGC 的 PSD 文件 GD_YGC_BHZ_2020.txt，跳过该站点
2025-05-03 04:30:23,213 WARNING: 未找到台站 GX.NNS 的 PSD 文件 GX_NNS_BHZ_2020.txt，跳过该站点
2025-05-03 04:30:23,213 WARNING: 未找到台站 GX.RAX 的 PSD 文件 GX_RAX_BHZ_2020.txt，跳过该站点
2025-05-03 04:30:23,213 WARNING: 未找到台站 GX.GUL 的 PSD 文件 GX_GUL_BHZ_2020.txt，跳过该站点
2025-05-03 04:30:23,213 WARNING: 未找到台站 GX.WZS 的 PSD 文件 GX_WZS_BHZ_2020.txt，跳过该站点
2025-05-03 04:30:23,213 WARNING: 未找到台站 GX.BHS 的 PSD 文件 GX_BHS_BHZ_2020.txt，跳过该站点
2025-05-03 04:30:23,213 WARNING: 未找到台站 GX.GGS 的 PSD 文件 GX_GGS_BHZ_2020.txt，跳过该站点
2025-05-03 04:30:23,213 WARNING: 未找到台站 GX.YLS 的 PSD 文件 GX_YLS_BHZ_2020.txt，跳过该站点
2025-05-03 04:30:23,213 WARNING: 未找到台站 GX.BSS 的 PSD 文件 GX_BSS_BHZ_2020.txt，跳过该站点
2025-05-03 04:30:23,213 WARNING: 未找到台站 GX.HZS 的 PSD 文件 GX_HZS_BHZ_2020.txt，跳过该站点
2025-05-03 04:30:23,213 WARNING: 未找到台站 GX.XCT 的 PSD 文件 GX_XCT_BHZ_2020.txt，跳过该站点
2025-05-03 04:30:23,214 WARNING: 未找到台站 GX.CZS 的 PSD 文件 GX_CZS_BHZ_2020.txt，跳过该站点
2025-05-03 04:30:23,214 WARNING: 未找到台站 HI.HSK 的 PSD 文件 HI_HSK_BHZ_2020.txt，跳过该站点
2025-05-03 04:30:23,214 WARNING: 未找到台站 HI.SAY 的 PSD 文件 HI_SAY_BHZ_2020.txt，跳过该站点
2025-05-03 04:30:23,214 WARNING: 未找到台站 HI.XSA 的 PSD 文件 HI_XSA_BHZ_2020.txt，跳过该站点
2025-05-03 04:30:23,214 WARNING: 未找到台站 HI.NAD 的 PSD 文件 HI_NAD_BHZ_2020.txt，跳过该站点
2025-05-03 04:30:23,214 WARNING: 未找到台站 HI.DAN 的 PSD 文件 HI_DAN_BHZ_2020.txt，跳过该站点
2025-05-03 04:30:23,214 WARNING: 未找到台站 HI.CHM 的 PSD 文件 HI_CHM_BHZ_2020.txt，跳过该站点
2025-05-03 04:30:23,214 WARNING: 未找到台站 HI.LIG 的 PSD 文件 HI_LIG_BHZ_2020.txt，跳过该站点
2025-05-03 04:30:23,214 WARNING: 未找到台站 HI.WZS 的 PSD 文件 HI_WZS_BHZ_2020.txt，跳过该站点
2025-05-03 04:30:23,214 WARNING: 未找到台站 HI.BSH 的 PSD 文件 HI_BSH_BHZ_2020.txt，跳过该站点
2025-05-03 04:30:23,214 WARNING: 未找到台站 HI.LSH 的 PSD 文件 HI_LSH_BHZ_2020.txt，跳过该站点
2025-05-03 04:30:23,214 WARNING: 未找到台站 HI.QZN 的 PSD 文件 HI_QZN_BHZ_2020.txt，跳过该站点
2025-05-03 04:30:23,214 WARNING: 未找到台站 CQ.CQT 的 PSD 文件 CQ_CQT_BHZ_2020.txt，跳过该站点
2025-05-03 04:30:23,214 WARNING: 未找到台站 SC.YGD 的 PSD 文件 SC_YGD_BHZ_2020.txt，跳过该站点
2025-05-03 04:30:23,214 WARNING: 未找到台站 SC.HWS 的 PSD 文件 SC_HWS_BHZ_2020.txt，跳过该站点
2025-05-03 04:30:23,214 WARNING: 未找到台站 SC.PZH 的 PSD 文件 SC_PZH_BHZ_2020.txt，跳过该站点
2025-05-03 04:30:23,214 WARNING: 未找到台站 SC.LZH 的 PSD 文件 SC_LZH_BHZ_2020.txt，跳过该站点
2025-05-03 04:30:23,214 WARNING: 未找到台站 SC.AXI 的 PSD 文件 SC_AXI_BHZ_2020.txt，跳过该站点
2025-05-03 04:30:23,214 WARNING: 未找到台站 SC.ZJG 的 PSD 文件 SC_ZJG_BHZ_2020.txt，跳过该站点
2025-05-03 04:30:23,214 WARNING: 未找到台站 SC.CXI 的 PSD 文件 SC_CXI_BHZ_2020.txt，跳过该站点
2025-05-03 04:30:23,214 WARNING: 未找到台站 SC.JYA 的 PSD 文件 SC_JYA_BHZ_2020.txt，跳过该站点
2025-05-03 04:30:23,214 WARNING: 未找到台站 SC.XCO 的 PSD 文件 SC_XCO_BHZ_2020.txt，跳过该站点
2025-05-03 04:30:23,214 WARNING: 未找到台站 SC.HYS 的 PSD 文件 SC_HYS_BHZ_2020.txt，跳过该站点
2025-05-03 04:30:23,214 WARNING: 未找到台站 SC.XHA 的 PSD 文件 SC_XHA_BHZ_2020.txt，跳过该站点
2025-05-03 04:30:23,214 WARNING: 未找到台站 SC.MDS 的 PSD 文件 SC_MDS_BHZ_2020.txt，跳过该站点
2025-05-03 04:30:23,214 WARNING: 未找到台站 SC.BZH 的 PSD 文件 SC_BZH_BHZ_2020.txt，跳过该站点
2025-05-03 04:30:23,214 WARNING: 未找到台站 SC.JJS 的 PSD 文件 SC_JJS_BHZ_2020.txt，跳过该站点
2025-05-03 04:30:23,214 WARNING: 未找到台站 SC.MEK 的 PSD 文件 SC_MEK_BHZ_2020.txt，跳过该站点
2025-05-03 04:30:23,214 WARNING: 未找到台站 SC.GZA 的 PSD 文件 SC_GZA_BHZ_2020.txt，跳过该站点
2025-05-03 04:30:23,214 WARNING: 未找到台站 SC.YYC 的 PSD 文件 SC_YYC_BHZ_2020.txt，跳过该站点
2025-05-03 04:30:23,214 WARNING: 未找到台站 GZ.LPS 的 PSD 文件 GZ_LPS_BHZ_2020.txt，跳过该站点
2025-05-03 04:30:23,214 WARNING: 未找到台站 GZ.ZYT 的 PSD 文件 GZ_ZYT_BHZ_2020.txt，跳过该站点
2025-05-03 04:30:23,214 WARNING: 未找到台站 GZ.AST 的 PSD 文件 GZ_AST_BHZ_2020.txt，跳过该站点
2025-05-03 04:30:23,214 WARNING: 未找到台站 GZ.BJT 的 PSD 文件 GZ_BJT_BHZ_2020.txt，跳过该站点
2025-05-03 04:30:23,214 WARNING: 未找到台站 GZ.XYT 的 PSD 文件 GZ_XYT_BHZ_2020.txt，跳过该站点
2025-05-03 04:30:23,214 WARNING: 未找到台站 YN.KMI 的 PSD 文件 YN_KMI_BHZ_2020.txt，跳过该站点
2025-05-03 04:30:23,214 WARNING: 未找到台站 YN.MAL 的 PSD 文件 YN_MAL_BHZ_2020.txt，跳过该站点
2025-05-03 04:30:23,214 WARNING: 未找到台站 YN.TOH 的 PSD 文件 YN_TOH_BHZ_2020.txt，跳过该站点
2025-05-03 04:30:23,214 WARNING: 未找到台站 YN.BAS 的 PSD 文件 YN_BAS_BHZ_2020.txt，跳过该站点
2025-05-03 04:30:23,214 WARNING: 未找到台站 SC.LBO 的 PSD 文件 SC_LBO_BHZ_2020.txt，跳过该站点
2025-05-03 04:30:23,214 WARNING: 未找到台站 YN.LIJ 的 PSD 文件 YN_LIJ_BHZ_2020.txt，跳过该站点
2025-05-03 04:30:23,214 WARNING: 未找到台站 YN.SIM 的 PSD 文件 YN_SIM_BHZ_2020.txt，跳过该站点
2025-05-03 04:30:23,214 WARNING: 未找到台站 YN.LIC 的 PSD 文件 YN_LIC_BHZ_2020.txt，跳过该站点
2025-05-03 04:30:23,214 WARNING: 未找到台站 YN.CUX 的 PSD 文件 YN_CUX_BHZ_2020.txt，跳过该站点
2025-05-03 04:30:23,214 WARNING: 未找到台站 YN.JIP 的 PSD 文件 YN_JIP_BHZ_2020.txt，跳过该站点
2025-05-03 04:30:23,214 WARNING: 未找到台站 YN.WES 的 PSD 文件 YN_WES_BHZ_2020.txt，跳过该站点
2025-05-03 04:30:23,215 WARNING: 未找到台站 YN.JIH 的 PSD 文件 YN_JIH_BHZ_2020.txt，跳过该站点
2025-05-03 04:30:23,215 WARNING: 未找到台站 YN.TUS 的 PSD 文件 YN_TUS_BHZ_2020.txt，跳过该站点
2025-05-03 04:30:23,215 WARNING: 未找到台站 YN.MAS 的 PSD 文件 YN_MAS_BHZ_2020.txt，跳过该站点
2025-05-03 04:30:23,215 WARNING: 未找到台站 YN.LUS 的 PSD 文件 YN_LUS_BHZ_2020.txt，跳过该站点
2025-05-03 04:30:23,215 WARNING: 未找到台站 YN.ZOD 的 PSD 文件 YN_ZOD_BHZ_2020.txt，跳过该站点
2025-05-03 04:30:23,215 WARNING: 未找到台站 XZ.LSA 的 PSD 文件 XZ_LSA_BHZ_2020.txt，跳过该站点
2025-05-03 04:30:23,215 WARNING: 未找到台站 XZ.RKZ 的 PSD 文件 XZ_RKZ_BHZ_2020.txt，跳过该站点
2025-05-03 04:30:23,215 WARNING: 未找到台站 XZ.CAD 的 PSD 文件 XZ_CAD_BHZ_2020.txt，跳过该站点
2025-05-03 04:30:23,215 WARNING: 未找到台站 XZ.LIZ 的 PSD 文件 XZ_LIZ_BHZ_2020.txt，跳过该站点
2025-05-03 04:30:23,215 WARNING: 未找到台站 XZ.SNA 的 PSD 文件 XZ_SNA_BHZ_2020.txt，跳过该站点
2025-05-03 04:30:23,215 WARNING: 未找到台站 XZ.NAQ 的 PSD 文件 XZ_NAQ_BHZ_2020.txt，跳过该站点
2025-05-03 04:30:23,215 WARNING: 未找到台站 SN.XAN 的 PSD 文件 SN_XAN_BHZ_2020.txt，跳过该站点
2025-05-03 04:30:23,215 WARNING: 未找到台站 GS.LZH 的 PSD 文件 GS_LZH_BHZ_2020.txt，跳过该站点
2025-05-03 04:30:23,215 WARNING: 未找到台站 GS.JYG 的 PSD 文件 GS_JYG_BHZ_2020.txt，跳过该站点
2025-05-03 04:30:23,215 WARNING: 未找到台站 GS.HXP 的 PSD 文件 GS_HXP_BHZ_2020.txt，跳过该站点
2025-05-03 04:30:23,215 WARNING: 未找到台站 GS.BYT 的 PSD 文件 GS_BYT_BHZ_2020.txt，跳过该站点
2025-05-03 04:30:23,215 WARNING: 未找到台站 GS.SGT 的 PSD 文件 GS_SGT_BHZ_2020.txt，跳过该站点
2025-05-03 04:30:23,215 WARNING: 未找到台站 GS.PLT 的 PSD 文件 GS_PLT_BHZ_2020.txt，跳过该站点
2025-05-03 04:30:23,215 WARNING: 未找到台站 GS.YJZ 的 PSD 文件 GS_YJZ_BHZ_2020.txt，跳过该站点
2025-05-03 04:30:23,215 WARNING: 未找到台站 GS.LXA 的 PSD 文件 GS_LXA_BHZ_2020.txt，跳过该站点
2025-05-03 04:30:23,215 WARNING: 未找到台站 GS.HZT 的 PSD 文件 GS_HZT_BHZ_2020.txt，跳过该站点
2025-05-03 04:30:23,215 WARNING: 未找到台站 QH.XIN 的 PSD 文件 QH_XIN_BHZ_2020.txt，跳过该站点
2025-05-03 04:30:23,215 WARNING: 未找到台站 QH.LED 的 PSD 文件 QH_LED_BHZ_2020.txt，跳过该站点
2025-05-03 04:30:23,215 WARNING: 未找到台站 QH.TOR 的 PSD 文件 QH_TOR_BHZ_2020.txt，跳过该站点
2025-05-03 04:30:23,215 WARNING: 未找到台站 QH.DAW 的 PSD 文件 QH_DAW_BHZ_2020.txt，跳过该站点
2025-05-03 04:30:23,215 WARNING: 未找到台站 QH.YUS 的 PSD 文件 QH_YUS_BHZ_2020.txt，跳过该站点
2025-05-03 04:30:23,215 WARNING: 未找到台站 QH.DLH 的 PSD 文件 QH_DLH_BHZ_2020.txt，跳过该站点
2025-05-03 04:30:23,215 WARNING: 未找到台站 NX.LWU 的 PSD 文件 NX_LWU_BHZ_2020.txt，跳过该站点
2025-05-03 04:30:23,215 WARNING: 未找到台站 NX.GYU 的 PSD 文件 NX_GYU_BHZ_2020.txt，跳过该站点
2025-05-03 04:30:23,215 WARNING: 未找到台站 NX.ZHW 的 PSD 文件 NX_ZHW_BHZ_2020.txt，跳过该站点
2025-05-03 04:30:23,215 WARNING: 未找到台站 XJ.RGN 的 PSD 文件 XJ_RGN_BHZ_2020.txt，跳过该站点
2025-05-03 04:30:23,215 WARNING: 未找到台站 XJ.KMY 的 PSD 文件 XJ_KMY_BHZ_2020.txt，跳过该站点
2025-05-03 04:30:23,215 WARNING: 未找到台站 XJ.WCW 的 PSD 文件 XJ_WCW_BHZ_2020.txt，跳过该站点
2025-05-03 04:30:23,215 WARNING: 未找到台站 QH.LEH 的 PSD 文件 QH_LEH_BHZ_2020.txt，跳过该站点
2025-05-03 04:30:23,215 WARNING: 未找到台站 XJ.FUH 的 PSD 文件 XJ_FUH_BHZ_2020.txt，跳过该站点
2025-05-03 04:30:23,215 WARNING: 未找到台站 XJ.ALS 的 PSD 文件 XJ_ALS_BHZ_2020.txt，跳过该站点
2025-05-03 04:30:23,215 WARNING: 未找到台站 XJ.AKS 的 PSD 文件 XJ_AKS_BHZ_2020.txt，跳过该站点
2025-05-03 04:30:23,215 WARNING: 未找到台站 XJ.KSZ 的 PSD 文件 XJ_KSZ_BHZ_2020.txt，跳过该站点
2025-05-03 04:30:23,215 WARNING: 未找到台站 XJ.HTA 的 PSD 文件 XJ_HTA_BHZ_2020.txt，跳过该站点
2025-05-03 04:30:23,215 WARNING: 未找到台站 XJ.CBC 的 PSD 文件 XJ_CBC_BHZ_2020.txt，跳过该站点
2025-05-03 04:30:23,215 WARNING: 未找到台站 XJ.TAC 的 PSD 文件 XJ_TAC_BHZ_2020.txt，跳过该站点
2025-05-03 04:30:23,215 WARNING: 未找到台站 XJ.ALT 的 PSD 文件 XJ_ALT_BHZ_2020.txt，跳过该站点
2025-05-03 04:30:23,215 WARNING: 未找到台站 XJ.SHZ 的 PSD 文件 XJ_SHZ_BHZ_2020.txt，跳过该站点
2025-05-03 04:30:23,215 WARNING: 未找到台站 XJ.WMQ 的 PSD 文件 XJ_WMQ_BHZ_2020.txt，跳过该站点
2025-05-03 04:30:23,215 WARNING: 未找到台站 XJ.KOL 的 PSD 文件 XJ_KOL_BHZ_2020.txt，跳过该站点
2025-05-03 04:30:23,215 WARNING: 未找到台站 XJ.WNQ 的 PSD 文件 XJ_WNQ_BHZ_2020.txt，跳过该站点
